WARNING 2026-01-26 16:45:47,363 views 24 134220513138368 === PATCH request data: {'product_url': 'https://www.topps.com/products/bo-bichette-2025-mlb-topps-now%C2%AE-card-os-17', 'product_url_long': '', 'release_date': None, 'total_print': 1455}
WARNING 2026-01-26 16:45:47,366 views 24 134220513138368 === Before update - product_url: https://www.topps.com/products/bo-bichette-2025-mlb-topps-now%C2%AE-card-os-17, id: 998
WARNING 2026-01-26 16:45:47,366 views 24 134220513138368 === Update fields: {'product_url': 'https://www.topps.com/products/bo-bichette-2025-mlb-topps-now%C2%AE-card-os-17', 'product_url_long': '', 'release_date': None, 'total_print': 1455}
WARNING 2026-01-26 16:45:48,164 views 24 134220513138368 === After update - product_url: https://www.topps.com/products/bo-bichette-2025-mlb-topps-now%C2%AE-card-os-17
WARNING 2026-01-26 16:45:56,498 views 24 134220513138368 === PATCH request data: {'product_url': 'https://www.topps.com/products/kyle-tucker-2025-mlb-topps-now%C2%AE-card-os18', 'product_url_long': 'https://www.topps.com/products/kyle-tucker-2025-mlb-topps-now%C2%AE-card-os18', 'release_date': None, 'total_print': None}
WARNING 2026-01-26 16:45:56,500 views 24 134220513138368 === Before update - product_url: https://www.topps.com/products/kyle-tucker-2025-mlb-topps-now%C2%AE-card-os18, id: 997
WARNING 2026-01-26 16:45:56,500 views 24 134220513138368 === Update fields: {'product_url': 'https://www.topps.com/products/kyle-tucker-2025-mlb-topps-now%C2%AE-card-os18', 'product_url_long': 'https://www.topps.com/products/kyle-tucker-2025-mlb-topps-now%C2%AE-card-os18', 'release_date': None, 'total_print': None}
WARNING 2026-01-26 16:45:56,502 views 24 134220513138368 === After update - product_url: https://www.topps.com/products/kyle-tucker-2025-mlb-topps-now%C2%AE-card-os18
WARNING 2026-01-26 16:46:09,117 views 24 134220513138368 === PATCH request data: {'product_url': 'https://www.topps.com/products/kyle-tucker-2025-mlb-topps-now%C2%AE-card-os18', 'product_url_long': '', 'release_date': None, 'total_print': None}
WARNING 2026-01-26 16:46:09,119 views 24 134220513138368 === Before update - product_url: https://www.topps.com/products/kyle-tucker-2025-mlb-topps-now%C2%AE-card-os18, id: 997
WARNING 2026-01-26 16:46:09,119 views 24 134220513138368 === Update fields: {'product_url': 'https://www.topps.com/products/kyle-tucker-2025-mlb-topps-now%C2%AE-card-os18', 'product_url_long': '', 'release_date': None, 'total_print': None}
WARNING 2026-01-26 16:46:09,479 views 24 134220513138368 === After update - product_url: https://www.topps.com/products/kyle-tucker-2025-mlb-topps-now%C2%AE-card-os18
WARNING 2026-01-26 16:47:22,605 views 24 134220513138368 === PATCH request data: {'product_url': 'https://www.topps.com/products/bobby-witt-jr.-2025-mlb-topps-now%C2%AE-card-105', 'product_url_long': 'https://www.topps.com/products/bobby-witt-jr.-2025-mlb-topps-now%C2%AE-card-105', 'release_date': None, 'total_print': 1656}
WARNING 2026-01-26 16:47:22,607 views 24 134220513138368 === Before update - product_url: https://www.topps.com/products/bobby-witt-jr.-2025-mlb-topps-now%C2%AE-card-105, id: 844
WARNING 2026-01-26 16:47:22,607 views 24 134220513138368 === Update fields: {'product_url': 'https://www.topps.com/products/bobby-witt-jr.-2025-mlb-topps-now%C2%AE-card-105', 'product_url_long': 'https://www.topps.com/products/bobby-witt-jr.-2025-mlb-topps-now%C2%AE-card-105', 'release_date': None, 'total_print': 1656}
WARNING 2026-01-26 16:47:22,609 views 24 134220513138368 === After update - product_url: https://www.topps.com/products/bobby-witt-jr.-2025-mlb-topps-now%C2%AE-card-105
WARNING 2026-01-26 16:47:47,359 views 24 134220513138368 === PATCH request data: {'product_url': 'https://www.topps.com/products/bobby-witt-jr-2025-mlb-topps-now%C2%AE-card-105', 'product_url_long': 'https://www.topps.com/products/bobby-witt-jr.-2025-mlb-topps-now%C2%AE-card-105', 'release_date': None, 'total_print': 1656}
WARNING 2026-01-26 16:47:47,362 views 24 134220513138368 === Before update - product_url: https://www.topps.com/products/bobby-witt-jr.-2025-mlb-topps-now%C2%AE-card-105, id: 844
WARNING 2026-01-26 16:47:47,362 views 24 134220513138368 === Update fields: {'product_url': 'https://www.topps.com/products/bobby-witt-jr-2025-mlb-topps-now%C2%AE-card-105', 'product_url_long': 'https://www.topps.com/products/bobby-witt-jr.-2025-mlb-topps-now%C2%AE-card-105', 'release_date': None, 'total_print': 1656}
WARNING 2026-01-26 16:47:47,907 views 24 134220513138368 === After update - product_url: https://www.topps.com/products/bobby-witt-jr-2025-mlb-topps-now%C2%AE-card-105
WARNING 2026-01-26 16:47:57,619 views 24 134220513138368 === PATCH request data: {'product_url': 'https://www.topps.com/products/bobby-witt-jr-2025-mlb-topps-now%C2%AE-card-105', 'product_url_long': '', 'release_date': None, 'total_print': 1656}
WARNING 2026-01-26 16:47:57,621 views 24 134220513138368 === Before update - product_url: https://www.topps.com/products/bobby-witt-jr-2025-mlb-topps-now%C2%AE-card-105, id: 844
WARNING 2026-01-26 16:47:57,621 views 24 134220513138368 === Update fields: {'product_url': 'https://www.topps.com/products/bobby-witt-jr-2025-mlb-topps-now%C2%AE-card-105', 'product_url_long': '', 'release_date': None, 'total_print': 1656}
WARNING 2026-01-26 16:47:57,823 views 24 134220513138368 === After update - product_url: https://www.topps.com/products/bobby-witt-jr-2025-mlb-topps-now%C2%AE-card-105
WARNING 2026-01-26 16:48:35,339 views 24 134220513138368 === PATCH request data: {'product_url': 'https://www.topps.com/products/agustin-ramirez-2025-mlb-topps-now%C2%AE-card-107', 'product_url_long': 'https://www.topps.com/products/agust%C3%ADn-ram%C3%ADrez-2025-mlb-topps-now%C2%AE-card-107', 'release_date': None, 'total_print': 782}
WARNING 2026-01-26 16:48:35,342 views 24 134220513138368 === Before update - product_url: https://www.topps.com/products/agust%C3%ADn-ram%C3%ADrez-2025-mlb-topps-now%C2%AE-card-107, id: 842
WARNING 2026-01-26 16:48:35,342 views 24 134220513138368 === Update fields: {'product_url': 'https://www.topps.com/products/agustin-ramirez-2025-mlb-topps-now%C2%AE-card-107', 'product_url_long': 'https://www.topps.com/products/agust%C3%ADn-ram%C3%ADrez-2025-mlb-topps-now%C2%AE-card-107', 'release_date': None, 'total_print': 782}
WARNING 2026-01-26 16:48:35,499 views 24 134220513138368 === After update - product_url: https://www.topps.com/products/agustin-ramirez-2025-mlb-topps-now%C2%AE-card-107
WARNING 2026-01-26 16:48:37,866 views 24 134220513138368 === PATCH request data: {'product_url': 'https://www.topps.com/products/agustin-ramirez-2025-mlb-topps-now%C2%AE-card-107', 'product_url_long': '', 'release_date': None, 'total_print': 782}
WARNING 2026-01-26 16:48:37,868 views 24 134220513138368 === Before update - product_url: https://www.topps.com/products/agustin-ramirez-2025-mlb-topps-now%C2%AE-card-107, id: 842
WARNING 2026-01-26 16:48:37,868 views 24 134220513138368 === Update fields: {'product_url': 'https://www.topps.com/products/agustin-ramirez-2025-mlb-topps-now%C2%AE-card-107', 'product_url_long': '', 'release_date': None, 'total_print': 782}
WARNING 2026-01-26 16:48:38,477 views 24 134220513138368 === After update - product_url: https://www.topps.com/products/agustin-ramirez-2025-mlb-topps-now%C2%AE-card-107
WARNING 2026-01-26 16:48:57,291 views 24 134220513138368 === PATCH request data: {'product_url': 'https://www.topps.com/products/eugenio-su%C3%A1rez-2025-mlb-topps-now%C2%AE-card-111', 'product_url_long': 'https://www.topps.com/products/eugenio-su%C3%A1rez-2025-mlb-topps-now%C2%AE-card-111', 'release_date': None, 'total_print': 1790}
WARNING 2026-01-26 16:48:57,293 views 24 134220513138368 === Before update - product_url: https://www.topps.com/products/eugenio-su%C3%A1rez-2025-mlb-topps-now%C2%AE-card-111, id: 838
WARNING 2026-01-26 16:48:57,293 views 24 134220513138368 === Update fields: {'product_url': 'https://www.topps.com/products/eugenio-su%C3%A1rez-2025-mlb-topps-now%C2%AE-card-111', 'product_url_long': 'https://www.topps.com/products/eugenio-su%C3%A1rez-2025-mlb-topps-now%C2%AE-card-111', 'release_date': None, 'total_print': 1790}
WARNING 2026-01-26 16:48:57,295 views 24 134220513138368 === After update - product_url: https://www.topps.com/products/eugenio-su%C3%A1rez-2025-mlb-topps-now%C2%AE-card-111
WARNING 2026-01-26 16:49:40,380 views 24 134220513138368 === PATCH request data: {'product_url': 'https://www.topps.com/products/eugenio-su%C3%A1rez-2025-mlb-topps-now%C2%AE-card-111', 'product_url_long': 'https://www.topps.com/products/eugenio-su%C3%A1rez-2025-mlb-topps-now%C2%AE-card-111', 'release_date': None, 'total_print': 1790}
WARNING 2026-01-26 16:49:40,383 views 24 134220513138368 === Before update - product_url: https://www.topps.com/products/eugenio-su%C3%A1rez-2025-mlb-topps-now%C2%AE-card-111, id: 838
WARNING 2026-01-26 16:49:40,383 views 24 134220513138368 === Update fields: {'product_url': 'https://www.topps.com/products/eugenio-su%C3%A1rez-2025-mlb-topps-now%C2%AE-card-111', 'product_url_long': 'https://www.topps.com/products/eugenio-su%C3%A1rez-2025-mlb-topps-now%C2%AE-card-111', 'release_date': None, 'total_print': 1790}
WARNING 2026-01-26 16:49:40,384 views 24 134220513138368 === After update - product_url: https://www.topps.com/products/eugenio-su%C3%A1rez-2025-mlb-topps-now%C2%AE-card-111
WARNING 2026-01-26 16:49:42,707 views 24 134220513138368 === PATCH request data: {'product_url': 'https://www.topps.com/products/eugenio-suarez-2025-mlb-topps-now%C2%AE-card-111', 'product_url_long': 'https://www.topps.com/products/eugenio-su%C3%A1rez-2025-mlb-topps-now%C2%AE-card-111', 'release_date': None, 'total_print': 1790}
WARNING 2026-01-26 16:49:42,709 views 24 134220513138368 === Before update - product_url: https://www.topps.com/products/eugenio-su%C3%A1rez-2025-mlb-topps-now%C2%AE-card-111, id: 838
WARNING 2026-01-26 16:49:42,709 views 24 134220513138368 === Update fields: {'product_url': 'https://www.topps.com/products/eugenio-suarez-2025-mlb-topps-now%C2%AE-card-111', 'product_url_long': 'https://www.topps.com/products/eugenio-su%C3%A1rez-2025-mlb-topps-now%C2%AE-card-111', 'release_date': None, 'total_print': 1790}
WARNING 2026-01-26 16:49:42,842 views 24 134220513138368 === After update - product_url: https://www.topps.com/products/eugenio-suarez-2025-mlb-topps-now%C2%AE-card-111
WARNING 2026-01-26 16:49:45,675 views 24 134220513138368 === PATCH request data: {'product_url': 'https://www.topps.com/products/eugenio-suarez-2025-mlb-topps-now%C2%AE-card-111', 'product_url_long': '', 'release_date': None, 'total_print': 1790}
WARNING 2026-01-26 16:49:45,677 views 24 134220513138368 === Before update - product_url: https://www.topps.com/products/eugenio-suarez-2025-mlb-topps-now%C2%AE-card-111, id: 838
WARNING 2026-01-26 16:49:45,677 views 24 134220513138368 === Update fields: {'product_url': 'https://www.topps.com/products/eugenio-suarez-2025-mlb-topps-now%C2%AE-card-111', 'product_url_long': '', 'release_date': None, 'total_print': 1790}
WARNING 2026-01-26 16:49:45,877 views 24 134220513138368 === After update - product_url: https://www.topps.com/products/eugenio-suarez-2025-mlb-topps-now%C2%AE-card-111
WARNING 2026-01-26 16:49:49,480 views 24 134220513138368 === PATCH request data: {'product_url': 'https://www.topps.com/products/eugenio-suarez-2025-mlb-topps-now%C2%AE-card-111', 'product_url_long': '', 'release_date': None, 'total_print': 1790}
WARNING 2026-01-26 16:49:49,482 views 24 134220513138368 === Before update - product_url: https://www.topps.com/products/eugenio-suarez-2025-mlb-topps-now%C2%AE-card-111, id: 838
WARNING 2026-01-26 16:49:49,482 views 24 134220513138368 === Update fields: {'product_url': 'https://www.topps.com/products/eugenio-suarez-2025-mlb-topps-now%C2%AE-card-111', 'product_url_long': '', 'release_date': None, 'total_print': 1790}
WARNING 2026-01-26 16:49:49,483 views 24 134220513138368 === After update - product_url: https://www.topps.com/products/eugenio-suarez-2025-mlb-topps-now%C2%AE-card-111
WARNING 2026-01-26 19:07:23,018 log 3633 131448858404544 Unauthorized: /api/auth/me/
WARNING 2026-01-26 19:07:23,020 basehttp 3633 131448858404544 "GET /api/auth/me/ HTTP/1.1" 401 183
WARNING 2026-01-26 19:07:23,677 log 3633 131448858404544 Unauthorized: /api/auth/me/
WARNING 2026-01-26 19:07:23,686 basehttp 3633 131448858404544 "GET /api/auth/me/ HTTP/1.1" 401 183
WARNING 2026-01-27 15:00:25,675 log 12 130870629078720 Unauthorized: /api/auth/me/
WARNING 2026-01-27 15:00:25,675 basehttp 12 130870629078720 "GET /api/auth/me/ HTTP/1.1" 401 183
WARNING 2026-01-27 15:00:44,991 log 12 130870629078720 Unauthorized: /api/auth/me/
WARNING 2026-01-27 15:00:45,010 basehttp 12 130870629078720 "GET /api/auth/me/ HTTP/1.1" 401 183
WARNING 2026-01-27 15:48:00,330 log 12 138605708179136 Unauthorized: /api/auth/me/
WARNING 2026-01-27 15:48:00,332 basehttp 12 138605708179136 "GET /api/auth/me/ HTTP/1.1" 401 183
WARNING 2026-01-27 16:10:50,043 log 12 126386541082304 Unauthorized: /api/auth/me/
WARNING 2026-01-27 16:10:50,052 basehttp 12 126386541082304 "GET /api/auth/me/ HTTP/1.1" 401 183
WARNING 2026-01-27 16:12:12,959 log 12 126386549475008 Unauthorized: /api/auth/me/
WARNING 2026-01-27 16:12:12,962 basehttp 12 126386549475008 "GET /api/auth/me/ HTTP/1.1" 401 183
WARNING 2026-01-27 16:12:14,675 log 12 126386541082304 Unauthorized: /api/auth/me/
WARNING 2026-01-27 16:12:14,677 basehttp 12 126386541082304 "GET /api/auth/me/ HTTP/1.1" 401 183
WARNING 2026-01-27 17:38:24,067 log 1096 137136711247552 Unauthorized: /api/auth/me/
WARNING 2026-01-27 17:38:24,074 basehttp 1096 137136711247552 "GET /api/auth/me/ HTTP/1.1" 401 183
WARNING 2026-01-27 17:41:21,873 log 1096 137136711247552 Unauthorized: /api/auth/me/
WARNING 2026-01-27 17:41:21,874 basehttp 1096 137136711247552 "GET /api/auth/me/ HTTP/1.1" 401 183
WARNING 2026-01-27 17:42:01,790 log 1096 137136719640256 Unauthorized: /api/auth/me/
WARNING 2026-01-27 17:42:01,792 basehttp 1096 137136719640256 "GET /api/auth/me/ HTTP/1.1" 401 183
WARNING 2026-01-27 17:42:03,843 log 1096 137136482154176 Unauthorized: /api/auth/me/
WARNING 2026-01-27 17:42:03,844 basehttp 1096 137136482154176 "GET /api/auth/me/ HTTP/1.1" 401 183
WARNING 2026-01-27 17:51:01,585 log 1096 137136482154176 Too Many Requests: /api/wbc-tournaments/6/roster/
WARNING 2026-01-27 17:51:01,586 basehttp 1096 137136482154176 "GET /api/wbc-tournaments/6/roster/ HTTP/1.1" 429 97
WARNING 2026-01-27 17:51:05,719 log 1096 137136482154176 Too Many Requests: /api/teams/
WARNING 2026-01-27 17:51:05,720 basehttp 1096 137136482154176 "GET /api/teams/ HTTP/1.1" 429 97
WARNING 2026-01-27 17:51:11,135 log 1096 137136711247552 Too Many Requests: /api/wbc-tournaments/
WARNING 2026-01-27 17:51:11,136 basehttp 1096 137136711247552 "GET /api/wbc-tournaments/ HTTP/1.1" 429 97
WARNING 2026-01-27 17:51:16,161 log 1096 137136711247552 Too Many Requests: /api/wbc-tournaments/
WARNING 2026-01-27 17:51:16,161 basehttp 1096 137136711247552 "GET /api/wbc-tournaments/ HTTP/1.1" 429 97
WARNING 2026-01-27 17:51:22,296 log 1096 137136482154176 Too Many Requests: /api/teams/
WARNING 2026-01-27 17:51:22,296 basehttp 1096 137136482154176 "GET /api/teams/ HTTP/1.1" 429 97
WARNING 2026-01-27 17:51:23,460 log 1096 137136711247552 Too Many Requests: /api/blogs/
WARNING 2026-01-27 17:51:23,461 basehttp 1096 137136711247552 "GET /api/blogs/ HTTP/1.1" 429 97
WARNING 2026-01-27 17:51:23,960 log 1096 137136711247552 Too Many Requests: /api/blogs/
WARNING 2026-01-27 17:51:23,962 basehttp 1096 137136711247552 "GET /api/blogs/ HTTP/1.1" 429 97
WARNING 2026-01-27 17:51:24,910 log 1096 137136482154176 Too Many Requests: /api/blogs/
WARNING 2026-01-27 17:51:24,910 basehttp 1096 137136482154176 "GET /api/blogs/ HTTP/1.1" 429 97
WARNING 2026-01-27 17:51:29,946 log 1096 137136482154176 Too Many Requests: /api/blogs/
WARNING 2026-01-27 17:51:29,946 basehttp 1096 137136482154176 "GET /api/blogs/ HTTP/1.1" 429 97
WARNING 2026-01-27 17:51:54,472 log 1096 137136711247552 Too Many Requests: /api/teams/
WARNING 2026-01-27 17:51:54,473 basehttp 1096 137136711247552 "GET /api/teams/ HTTP/1.1" 429 97
WARNING 2026-01-27 17:51:57,410 log 1096 137136482154176 Too Many Requests: /api/wbc-tournaments/
WARNING 2026-01-27 17:51:57,411 basehttp 1096 137136482154176 "GET /api/wbc-tournaments/ HTTP/1.1" 429 97
WARNING 2026-01-27 17:52:22,660 log 1096 137136482154176 Too Many Requests: /api/wbc-tournaments/
WARNING 2026-01-27 17:52:22,661 basehttp 1096 137136482154176 "GET /api/wbc-tournaments/ HTTP/1.1" 429 97
WARNING 2026-01-27 17:52:27,679 log 1096 137136482154176 Too Many Requests: /api/wbc-tournaments/
WARNING 2026-01-27 17:52:27,680 basehttp 1096 137136482154176 "GET /api/wbc-tournaments/ HTTP/1.1" 429 97
WARNING 2026-01-27 17:54:12,962 log 1096 137136482154176 Too Many Requests: /api/wbc-tournaments/
WARNING 2026-01-27 17:54:12,963 basehttp 1096 137136482154176 "GET /api/wbc-tournaments/ HTTP/1.1" 429 97
WARNING 2026-01-27 17:54:17,988 log 1096 137136482154176 Too Many Requests: /api/wbc-tournaments/
WARNING 2026-01-27 17:54:17,988 basehttp 1096 137136482154176 "GET /api/wbc-tournaments/ HTTP/1.1" 429 97
WARNING 2026-01-27 17:54:28,019 log 1096 137136482154176 Too Many Requests: /api/wbc-tournaments/
WARNING 2026-01-27 17:54:28,019 basehttp 1096 137136482154176 "GET /api/wbc-tournaments/ HTTP/1.1" 429 97
WARNING 2026-01-27 17:54:53,101 log 1096 137136482154176 Too Many Requests: /api/wbc-tournaments/
WARNING 2026-01-27 17:54:53,102 basehttp 1096 137136482154176 "GET /api/wbc-tournaments/ HTTP/1.1" 429 97
WARNING 2026-01-27 17:54:53,741 log 1096 137136482154176 Too Many Requests: /api/wbc-tournaments/
WARNING 2026-01-27 17:54:53,741 basehttp 1096 137136482154176 "GET /api/wbc-tournaments/ HTTP/1.1" 429 97
WARNING 2026-01-27 17:54:58,773 log 1096 137136482154176 Too Many Requests: /api/wbc-tournaments/
WARNING 2026-01-27 17:54:58,774 basehttp 1096 137136482154176 "GET /api/wbc-tournaments/ HTTP/1.1" 429 97
WARNING 2026-01-27 17:55:13,800 log 1096 137136482154176 Too Many Requests: /api/wbc-tournaments/
WARNING 2026-01-27 17:55:13,800 basehttp 1096 137136482154176 "GET /api/wbc-tournaments/ HTTP/1.1" 429 97
WARNING 2026-01-27 17:56:08,832 log 1096 137136482154176 Too Many Requests: /api/wbc-tournaments/
WARNING 2026-01-27 17:56:08,833 basehttp 1096 137136482154176 "GET /api/wbc-tournaments/ HTTP/1.1" 429 97
WARNING 2026-01-27 17:56:44,726 log 1096 137136482154176 Too Many Requests: /api/wbc-tournaments/
WARNING 2026-01-27 17:56:44,726 basehttp 1096 137136482154176 "GET /api/wbc-tournaments/ HTTP/1.1" 429 97
WARNING 2026-01-27 17:56:48,185 log 1096 137136711247552 Too Many Requests: /api/teams/
WARNING 2026-01-27 17:56:48,186 basehttp 1096 137136711247552 "GET /api/teams/ HTTP/1.1" 429 97
WARNING 2026-01-27 17:56:50,160 log 1096 137136482154176 Too Many Requests: /api/wbc-tournaments/
WARNING 2026-01-27 17:56:50,160 basehttp 1096 137136482154176 "GET /api/wbc-tournaments/ HTTP/1.1" 429 97
WARNING 2026-01-27 17:56:55,190 log 1096 137136482154176 Too Many Requests: /api/wbc-tournaments/
WARNING 2026-01-27 17:56:55,191 basehttp 1096 137136482154176 "GET /api/wbc-tournaments/ HTTP/1.1" 429 97
WARNING 2026-01-27 17:57:15,232 log 1096 137136482154176 Too Many Requests: /api/wbc-tournaments/
WARNING 2026-01-27 17:57:15,232 basehttp 1096 137136482154176 "GET /api/wbc-tournaments/ HTTP/1.1" 429 97
WARNING 2026-01-27 17:57:26,820 log 1096 137136482154176 Too Many Requests: /api/wbc-tournaments/
WARNING 2026-01-27 17:57:26,821 basehttp 1096 137136482154176 "GET /api/wbc-tournaments/ HTTP/1.1" 429 97
WARNING 2026-01-27 17:57:30,362 log 1096 137136482154176 Too Many Requests: /api/wbc-tournaments/
WARNING 2026-01-27 17:57:30,362 basehttp 1096 137136482154176 "GET /api/wbc-tournaments/ HTTP/1.1" 429 97
WARNING 2026-01-27 17:57:32,447 log 1096 137136482154176 Too Many Requests: /api/wbc-tournaments/
WARNING 2026-01-27 17:57:32,447 basehttp 1096 137136482154176 "GET /api/wbc-tournaments/ HTTP/1.1" 429 97
WARNING 2026-01-27 17:57:37,474 log 1096 137136482154176 Too Many Requests: /api/wbc-tournaments/
WARNING 2026-01-27 17:57:37,475 basehttp 1096 137136482154176 "GET /api/wbc-tournaments/ HTTP/1.1" 429 97
WARNING 2026-01-27 17:57:53,320 log 1096 137136482154176 Too Many Requests: /api/wbc-tournaments/
WARNING 2026-01-27 17:57:53,321 basehttp 1096 137136482154176 "GET /api/wbc-tournaments/ HTTP/1.1" 429 97
WARNING 2026-01-27 17:57:58,339 log 1096 137136482154176 Too Many Requests: /api/wbc-tournaments/
WARNING 2026-01-27 17:57:58,340 basehttp 1096 137136482154176 "GET /api/wbc-tournaments/ HTTP/1.1" 429 97
WARNING 2026-01-27 17:58:23,377 log 1096 137136482154176 Too Many Requests: /api/wbc-tournaments/
WARNING 2026-01-27 17:58:23,378 basehttp 1096 137136482154176 "GET /api/wbc-tournaments/ HTTP/1.1" 429 97
WARNING 2026-01-27 17:58:33,396 log 1096 137136711247552 Too Many Requests: /api/teams/
WARNING 2026-01-27 17:58:33,398 basehttp 1096 137136711247552 "GET /api/teams/ HTTP/1.1" 429 97
WARNING 2026-01-27 17:58:34,418 log 1096 137136482154176 Too Many Requests: /api/blogs/
WARNING 2026-01-27 17:58:34,419 basehttp 1096 137136482154176 "GET /api/blogs/ HTTP/1.1" 429 97
WARNING 2026-01-27 17:58:35,425 log 1096 137136482154176 Too Many Requests: /api/blogs/
WARNING 2026-01-27 17:58:35,428 basehttp 1096 137136482154176 "GET /api/blogs/ HTTP/1.1" 429 97
WARNING 2026-01-27 17:58:37,344 log 1096 137136711247552 Too Many Requests: /api/wbc-tournaments/
WARNING 2026-01-27 17:58:37,344 basehttp 1096 137136711247552 "GET /api/wbc-tournaments/ HTTP/1.1" 429 97
WARNING 2026-01-27 17:58:42,373 log 1096 137136711247552 Too Many Requests: /api/wbc-tournaments/
WARNING 2026-01-27 17:58:42,374 basehttp 1096 137136711247552 "GET /api/wbc-tournaments/ HTTP/1.1" 429 97
